c:\users\www\desktop\lib-ui-control\libuc\libuc\x64\debug\book.obj
c:\users\www\desktop\lib-ui-control\libuc\libuc\x64\debug\data.obj
c:\users\www\desktop\lib-ui-control\libuc\libuc\x64\debug\file.obj
c:\users\www\desktop\lib-ui-control\libuc\libuc\x64\debug\md5.obj
c:\users\www\desktop\lib-ui-control\libuc\libuc\x64\debug\odbc.obj
c:\users\www\desktop\lib-ui-control\libuc\libuc\x64\debug\order.obj
c:\users\www\desktop\lib-ui-control\libuc\libuc\x64\debug\test-database.obj
c:\users\www\desktop\lib-ui-control\libuc\libuc\x64\debug\user_index.obj
c:\users\www\desktop\lib-ui-control\libuc\libuc\x64\debug\borrowinfo.obj
c:\users\www\desktop\lib-ui-control\libuc\libuc\x64\debug\csendmail.obj
c:\users\www\desktop\lib-ui-control\libuc\libuc\x64\debug\managerwindow.obj
c:\users\www\desktop\lib-ui-control\libuc\libuc\x64\debug\studentmajor.obj
c:\users\www\desktop\lib-ui-control\libuc\libuc\x64\debug\test_mail.obj
c:\users\www\desktop\lib-ui-control\libuc\libuc\x64\debug\viewhelper.obj
c:\users\www\desktop\lib-ui-control\libuc\libuc\x64\debug\qrc_resources.obj
c:\users\www\desktop\lib-ui-control\libuc\libuc\x64\debug\admin.obj
c:\users\www\desktop\lib-ui-control\libuc\libuc\x64\debug\collectbook.obj
c:\users\www\desktop\lib-ui-control\libuc\libuc\x64\debug\loginwindow.obj
c:\users\www\desktop\lib-ui-control\libuc\libuc\x64\debug\student.obj
c:\users\www\desktop\lib-ui-control\libuc\libuc\x64\debug\test-md5.obj
c:\users\www\desktop\lib-ui-control\libuc\libuc\x64\debug\user_login.obj
c:\users\www\desktop\lib-ui-control\libuc\libuc\x64\debug\bookcategory.obj
c:\users\www\desktop\lib-ui-control\libuc\libuc\x64\debug\dao.obj
c:\users\www\desktop\lib-ui-control\libuc\libuc\x64\debug\main.obj
c:\users\www\desktop\lib-ui-control\libuc\libuc\x64\debug\operation.obj
c:\users\www\desktop\lib-ui-control\libuc\libuc\x64\debug\table.obj
c:\users\www\desktop\lib-ui-control\libuc\libuc\x64\debug\tsetss.obj
c:\users\www\desktop\lib-ui-control\libuc\libuc\x64\debug\utils.obj
c:\users\www\desktop\lib-ui-control\libuc\libuc\x64\debug\vc140.pdb
c:\users\www\desktop\lib-ui-control\libuc\libuc\x64\debug\moc_loginwindow.obj
c:\users\www\desktop\lib-ui-control\libuc\libuc\x64\debug\moc_managerwindow.obj
c:\users\www\desktop\lib-ui-control\libuc\libuc\x64\debug\moc_user_index.obj
c:\users\www\desktop\lib-ui-control\libuc\libuc\x64\debug\moc_user_login.obj
c:\users\www\desktop\lib-ui-control\libuc\libuc\generatedfiles\debug\moc_user_login.cpp
c:\users\www\desktop\lib-ui-control\libuc\libuc\generatedfiles\debug\moc_user_index.cpp
c:\users\www\desktop\lib-ui-control\libuc\libuc\generatedfiles\debug\moc_managerwindow.cpp
c:\users\www\desktop\lib-ui-control\libuc\libuc\generatedfiles\debug\moc_loginwindow.cpp
c:\users\www\desktop\lib-ui-control\libuc\libuc\generatedfiles\qrc_resources.cpp
c:\users\www\desktop\lib-ui-control\libuc\libuc\generatedfiles\ui_loginwindow.h
c:\users\www\desktop\lib-ui-control\libuc\libuc\generatedfiles\ui_managerwindow.h
c:\users\www\desktop\lib-ui-control\libuc\libuc\generatedfiles\ui_user_index.h
c:\users\www\desktop\lib-ui-control\libuc\libuc\generatedfiles\ui_user_login.h
c:\users\www\desktop\lib-ui-control\libuc\x64\debug\libuc.ilk
c:\users\www\desktop\lib-ui-control\libuc\x64\debug\libuc.exe
c:\users\www\desktop\lib-ui-control\libuc\x64\debug\libuc.pdb
c:\users\www\desktop\lib-ui-control\libuc\libuc\x64\debug\libuc.tlog\cl.command.1.tlog
c:\users\www\desktop\lib-ui-control\libuc\libuc\x64\debug\libuc.tlog\cl.read.1.tlog
c:\users\www\desktop\lib-ui-control\libuc\libuc\x64\debug\libuc.tlog\cl.write.1.tlog
c:\users\www\desktop\lib-ui-control\libuc\libuc\x64\debug\libuc.tlog\libuc.write.1u.tlog
c:\users\www\desktop\lib-ui-control\libuc\libuc\x64\debug\libuc.tlog\link.command.1.tlog
c:\users\www\desktop\lib-ui-control\libuc\libuc\x64\debug\libuc.tlog\link.read.1.tlog
c:\users\www\desktop\lib-ui-control\libuc\libuc\x64\debug\libuc.tlog\link.write.1.tlog
